F(0.10,y)different table:
  6.997500   7.796700   8.682300   9.654300  10.712700  11.857500  13.088700  14.406300
  0.799200   0.885600   0.972000   1.058400   1.144800   1.231200   1.317600
  0.086400   0.086400   0.086400   0.086400   0.086400   0.086400
  0.000000   0.000000  -0.000000   0.000000   0.000000
 -0.000000  -0.000000   0.000000   0.000000
 -0.000000   0.000000   0.000000
  0.000000  -0.000000
 -0.000000

F(0.30,y)different table:
  6.177500   6.928700   7.766300   8.690300   9.700700  10.797500  11.980700  13.250300
  0.751200   0.837600   0.924000   1.010400   1.096800   1.183200   1.269600
  0.086400   0.086400   0.086400   0.086400   0.086400   0.086400
  0.000000  -0.000000   0.000000   0.000000  -0.000000
 -0.000000   0.000000  -0.000000  -0.000000
  0.000000  -0.000000  -0.000000
 -0.000000   0.000000
  0.000000

F(0.50,y)different table:
  5.437500   6.140700   6.930300   7.806300   8.768700   9.817500  10.952700  12.174300
  0.703200   0.789600   0.876000   0.962400   1.048800   1.135200   1.221600
  0.086400   0.086400   0.086400   0.086400   0.086400   0.086400
  0.000000   0.000000  -0.000000   0.000000   0.000000
  0.000000  -0.000000   0.000000   0.000000
 -0.000000   0.000000   0.000000
  0.000000  -0.000000
 -0.000000

F(0.70,y)different table:
  4.777500   5.432700   6.174300   7.002300   7.916700   8.917500  10.004700  11.178300
  0.655200   0.741600   0.828000   0.914400   1.000800   1.087200   1.173600
  0.086400   0.086400   0.086400   0.086400   0.086400   0.086400
  0.000000  -0.000000   0.000000  -0.000000   0.000000
 -0.000000   0.000000  -0.000000   0.000000
  0.000000  -0.000000   0.000000
 -0.000000   0.000000
  0.000000

F(0.90,y)different table:
  4.197500   4.804700   5.498300   6.278300   7.144700   8.097500   9.136700  10.262300
  0.607200   0.693600   0.780000   0.866400   0.952800   1.039200   1.125600
  0.086400   0.086400   0.086400   0.086400   0.086400   0.086400
  0.000000   0.000000  -0.000000   0.000000   0.000000
  0.000000  -0.000000   0.000000   0.000000
 -0.000000   0.000000   0.000000
  0.000000  -0.000000
 -0.000000

F(1.10,y)different table:
  3.697500   4.256700   4.902300   5.634300   6.452700   7.357500   8.348700   9.426300
  0.559200   0.645600   0.732000   0.818400   0.904800   0.991200   1.077600
  0.086400   0.086400   0.086400   0.086400   0.086400   0.086400
  0.000000   0.000000  -0.000000   0.000000   0.000000
  0.000000  -0.000000   0.000000   0.000000
 -0.000000   0.000000   0.000000
  0.000000  -0.000000
 -0.000000

F(1.30,y)different table:
  3.277500   3.788700   4.386300   5.070300   5.840700   6.697500   7.640700   8.670300
  0.511200   0.597600   0.684000   0.770400   0.856800   0.943200   1.029600
  0.086400   0.086400   0.086400   0.086400   0.086400   0.086400
 -0.000000   0.000000  -0.000000   0.000000  -0.000000
  0.000000  -0.000000   0.000000  -0.000000
 -0.000000   0.000000  -0.000000
  0.000000  -0.000000
 -0.000000

F(1.50,y)different table:
  2.937500   3.400700   3.950300   4.586300   5.308700   6.117500   7.012700   7.994300
  0.463200   0.549600   0.636000   0.722400   0.808800   0.895200   0.981600
  0.086400   0.086400   0.086400   0.086400   0.086400   0.086400
  0.000000   0.000000  -0.000000   0.000000   0.000000
  0.000000  -0.000000   0.000000  -0.000000
 -0.000000   0.000000  -0.000000
  0.000000  -0.000000
 -0.000000

F(1.70,y)different table:
  2.677500   3.092700   3.594300   4.182300   4.856700   5.617500   6.464700   7.398300
  0.415200   0.501600   0.588000   0.674400   0.760800   0.847200   0.933600
  0.086400   0.086400   0.086400   0.086400   0.086400   0.086400
 -0.000000   0.000000  -0.000000   0.000000   0.000000
  0.000000  -0.000000   0.000000  -0.000000
 -0.000000   0.000000  -0.000000
  0.000000  -0.000000
 -0.000000

1. solve f(0.6,0.7):

bring F(0.10,0.70) by Newton Forward then z = 10.440000
bring F(0.30,0.70) by Newton Forward then z = 9.440000
bring F(0.50,0.70) by Newton Forward then z = 8.520000
bring F(0.70,0.70) by Newton Forward then z = 7.680000
bring F(0.90,0.70) by Newton Forward then z = 6.920000
bring F(1.10,0.70) by Newton Forward then z = 6.240000
bring F(1.30,0.70) by Newton Forward then z = 5.640000
bring F(1.50,0.70) by Newton Forward then z = 5.120000
bring F(1.70,0.70) by Newton Forward then z = 4.680000

F(x,0.70)different table:
 10.440000   9.440000   8.520000   7.680000   6.920000   6.240000   5.640000   5.120000   4.680000
 -1.000000  -0.920000  -0.840000  -0.760000  -0.680000  -0.600000  -0.520000  -0.440000
  0.080000   0.080000   0.080000   0.080000   0.080000   0.080000   0.080000
 -0.000000   0.000000  -0.000000   0.000000  -0.000000   0.000000
  0.000000  -0.000000   0.000000  -0.000000   0.000000
 -0.000000   0.000000  -0.000000   0.000000
  0.000000  -0.000000   0.000000
 -0.000000   0.000000
  0.000000

bring F(0.60,0.70) by Forward Difference Table then z = 8.090000

2. solve f(0.24,0.9):

bring F(0.10,0.90) by Backward Difference Table then z = 12.360000
bring F(0.30,0.90) by Backward Difference Table then z = 11.280000
bring F(0.50,0.90) by Backward Difference Table then z = 10.280000
bring F(0.70,0.90) by Backward Difference Table then z = 9.360000
bring F(0.90,0.90) by Backward Difference Table then z = 8.520000
bring F(1.10,0.90) by Backward Difference Table then z = 7.760000
bring F(1.30,0.90) by Backward Difference Table then z = 7.080000
bring F(1.50,0.90) by Backward Difference Table then z = 6.480000
bring F(1.70,0.90) by Backward Difference Table then z = 5.960000

F(x,0.90)different table:
 12.360000  11.280000  10.280000   9.360000   8.520000   7.760000   7.080000   6.480000   5.960000
 -1.080000  -1.000000  -0.920000  -0.840000  -0.760000  -0.680000  -0.600000  -0.520000
  0.080000   0.080000   0.080000   0.080000   0.080000   0.080000   0.080000
  0.000000   0.000000  -0.000000   0.000000  -0.000000  -0.000000
  0.000000  -0.000000   0.000000  -0.000000   0.000000
 -0.000000   0.000000  -0.000000   0.000000
  0.000000  -0.000000   0.000000
 -0.000000   0.000000
  0.000000

bring F(0.24,0.90) by Forward Difference Table then z = 11.595600

3. solve f(0.42,0.48):

bring F(0.10,0.48) by Forward Difference Table then z = 8.605200
bring F(0.30,0.48) by Forward Difference Table then z = 7.693200
bring F(0.50,0.48) by Forward Difference Table then z = 6.861200
bring F(0.70,0.48) by Forward Difference Table then z = 6.109200
bring F(0.90,0.48) by Forward Difference Table then z = 5.437200
bring F(1.10,0.48) by Forward Difference Table then z = 4.845200
bring F(1.30,0.48) by Forward Difference Table then z = 4.333200
bring F(1.50,0.48) by Forward Difference Table then z = 3.901200
bring F(1.70,0.48) by Forward Difference Table then z = 3.549200

F(x,0.48)different table:
  8.605200   7.693200   6.861200   6.109200   5.437200   4.845200   4.333200   3.901200   3.549200
 -0.912000  -0.832000  -0.752000  -0.672000  -0.592000  -0.512000  -0.432000  -0.352000
  0.080000   0.080000   0.080000   0.080000   0.080000   0.080000   0.080000
  0.000000   0.000000  -0.000000  -0.000000   0.000000  -0.000000
 -0.000000  -0.000000   0.000000   0.000000  -0.000000
  0.000000   0.000000   0.000000  -0.000000
  0.000000   0.000000  -0.000000
 -0.000000  -0.000000
 -0.000000

bring F(0.42,0.48) by Forward Difference Table then z = 7.184400