random produce linear system equation:
    1.00     7.00    -6.00     0.00    19.00    -6.00     8.00     8.00    12.00     4.00    -5.00    -5.00    -9.00    17.00    -9.00     1.00    15.00    -8.00    17.00    -4.00    11.00    14.00    -8.00    -7.00    12.00    38.00
   12.00    11.00    16.00    -2.00    -5.00     7.00    -4.00     1.00     8.00    -1.00    12.00     7.00     9.00    15.00    14.00    13.00    11.00    -8.00    -7.00    -7.00     4.00    11.00    -9.00    13.00    18.00    36.00
    7.00     4.00    12.00    17.00    17.00     9.00    13.00    11.00     9.00    18.00     6.00    -5.00    10.00     2.00     8.00     6.00     0.00    -8.00    -6.00    18.00    16.00     5.00    10.00    -1.00     0.00    20.00
   10.00    -4.00    11.00    -7.00    -2.00    -1.00    13.00    14.00    -6.00    -4.00    10.00     6.00    16.00     1.00    18.00    14.00    -1.00    16.00     3.00     7.00    18.00    -2.00     2.00    -1.00     1.00    -2.00
   -7.00    -5.00     9.00     8.00    14.00   -10.00    17.00    16.00    13.00    -4.00     1.00    -5.00     4.00    12.00   -10.00    -1.00     7.00    -7.00    17.00     2.00     6.00   -10.00     1.00    -4.00    -5.00    26.00
    7.00     5.00    -6.00     1.00    12.00    10.00     0.00    11.00    -6.00     6.00     0.00    17.00     1.00    -3.00    17.00    -3.00     7.00    -7.00    -7.00    -5.00    19.00     9.00    -2.00     1.00     8.00    -5.00
   -8.00     6.00    16.00     0.00    -7.00    -2.00   -10.00     1.00     2.00    -5.00     0.00    19.00    14.00     7.00    -2.00    -7.00    15.00    11.00    -8.00    10.00    -9.00    16.00     4.00     0.00    -4.00    45.00
   11.00     8.00    -1.00     8.00    -6.00    -9.00    14.00    13.00     9.00     8.00    -2.00   -10.00    -2.00    -3.00     7.00    -2.00     3.00     8.00     3.00     7.00    11.00   -10.00     7.00     3.00    -6.00    47.00
   19.00    16.00    -5.00    11.00    10.00    19.00     9.00    16.00    18.00    -7.00     4.00    18.00    14.00    19.00     9.00    -8.00     5.00    15.00    -7.00    -7.00     3.00    17.00    -6.00    13.00    -2.00    17.00
  -10.00     8.00     8.00   -10.00    16.00    -2.00     1.00    19.00    -2.00     9.00    -3.00     2.00     2.00    18.00    12.00    -2.00    19.00     0.00     7.00    -2.00     1.00     5.00    18.00     6.00    11.00    -4.00
   -8.00    14.00    -8.00     5.00     8.00    16.00    12.00    16.00    -5.00    13.00     9.00     2.00    14.00    -4.00     1.00     8.00    -8.00    11.00    -9.00    19.00     7.00    -4.00    12.00    19.00    -5.00    17.00
   -8.00    10.00    10.00    -7.00     9.00     1.00     8.00    11.00    -1.00     5.00     3.00    12.00    15.00    -8.00    15.00    18.00     6.00    17.00    17.00    12.00    -8.00    19.00    14.00     1.00    19.00    14.00
   16.00    -1.00    18.00     2.00    -5.00    15.00     4.00     9.00    -9.00    -8.00    15.00   -10.00    18.00    -7.00    19.00    -7.00     9.00     6.00    -3.00     9.00     9.00    -3.00    -4.00     9.00     3.00     3.00
   -5.00    17.00     6.00    16.00    15.00    -2.00    12.00    -5.00    14.00    14.00    -9.00    16.00    -9.00    16.00    13.00    13.00    15.00     5.00     3.00     2.00    -2.00    -8.00    -5.00    13.00    -4.00    42.00
   -9.00    18.00    -4.00    12.00    -9.00    -6.00    -4.00    -8.00     9.00    -9.00     5.00    10.00     3.00    16.00     4.00    19.00     2.00    -1.00    -7.00     4.00    14.00    10.00    -5.00    -1.00     6.00    13.00
   -7.00    -6.00    -8.00    -2.00    -2.00    -3.00    -5.00     8.00     1.00    -8.00    15.00     7.00    -6.00     4.00    14.00    14.00     4.00     2.00    19.00     3.00    10.00     7.00    -3.00     8.00     7.00    21.00
    3.00    10.00    13.00    18.00    -8.00    -5.00     2.00    10.00    13.00    -3.00    -8.00     9.00     7.00     5.00     3.00    -6.00     3.00    -8.00     1.00    11.00     3.00     2.00     5.00    13.00     5.00    18.00
    1.00    -8.00    12.00    -8.00    16.00     4.00     0.00     7.00    10.00    -7.00     4.00    10.00     0.00    15.00    13.00    -9.00    10.00    16.00     7.00    15.00     0.00    10.00     4.00    15.00    14.00    25.00
   19.00    15.00    16.00    -6.00    -2.00    12.00    -9.00    16.00    18.00    -7.00    -9.00     4.00    18.00    14.00    19.00    12.00     0.00    17.00     0.00    -4.00     0.00     7.00     0.00    -5.00    -4.00    13.00
    7.00     3.00     8.00    14.00    -1.00    12.00     6.00     5.00    -3.00    17.00     4.00     5.00    -3.00     9.00    -2.00     3.00    10.00    -8.00    12.00    -7.00    16.00     7.00    -9.00    15.00    -5.00    45.00
   -6.00     0.00    12.00     6.00    10.00     6.00    -9.00    11.00    11.00     7.00    -7.00     0.00   -10.00     4.00    -2.00     3.00    10.00    -9.00    -8.00    19.00   -10.00     3.00    18.00    18.00    15.00    47.00
    7.00     7.00   -10.00     8.00     9.00    13.00     0.00    -3.00     4.00    17.00    -2.00    13.00    -3.00    -9.00    10.00   -10.00     8.00    -7.00    14.00    15.00   -10.00    -9.00    14.00    15.00     6.00    -2.00
    2.00     0.00     3.00    15.00    -4.00    16.00    -4.00    17.00    -4.00    -3.00    17.00    11.00     9.00    11.00    16.00    -8.00    -3.00    -8.00    17.00    -4.00    -5.00     1.00    -7.00    -1.00     9.00     0.00
   -5.00     9.00    12.00    -4.00    -5.00    13.00     2.00     4.00    -6.00    14.00    12.00    -3.00    19.00    -8.00    13.00    17.00    13.00     1.00    15.00     7.00     8.00    15.00    -2.00    -7.00    -8.00    22.00
   14.00    -9.00    -9.00     5.00    -1.00    -5.00     1.00    10.00    -4.00     4.00    15.00     3.00   -10.00    18.00     9.00    11.00     3.00     4.00     7.00     4.00    -4.00     3.00    -4.00    15.00    -8.00    22.00

after Gaussian elimination:
   19.00    16.00    -5.00    11.00    10.00    19.00     9.00    16.00    18.00    -7.00     4.00    18.00    14.00    19.00     9.00    -8.00     5.00    15.00    -7.00    -7.00     3.00    17.00    -6.00    13.00    -2.00    17.00
    0.00     0.89    19.16    -8.95   -11.32    -5.00    -9.68    -9.11    -3.37     3.42     9.47    -4.37     0.16     3.00     8.32    18.05     7.84   -17.47    -2.58    -2.58     2.11     0.26    -5.21     4.79    19.26    25.26
    0.00     0.00    54.41    -6.00   -10.65    -8.59   -10.82   -14.18    -4.76    27.82    24.59   -20.88     5.18     1.35    22.29    47.18    14.76   -50.53    -8.88    15.12    19.35    -0.71     1.18     4.35    41.53    67.24
    0.00     0.00     0.00    19.68    26.65     0.11    27.61    27.87    21.95    -3.86    -1.58     1.39    10.14    16.30   -10.08   -11.60     4.26     4.86    15.04     5.33     9.27    -4.16     4.26    -3.04   -15.84    21.83
    0.00     0.00     0.00     0.00    34.16   -35.71    78.43   102.42    80.68  -116.64     4.56    50.71    38.95   113.64   -40.26   -36.15    52.33    51.37    97.68   -74.02    -3.79   -26.09   -50.24    19.88   -29.40   112.06
    0.00     0.00     0.00     0.00     0.00    15.00   -27.52   -27.25   -36.09    49.92    -1.47    -8.22   -16.00   -45.20    26.99    13.66   -10.20   -34.49   -36.53    23.86    21.08    11.66    17.43    -9.91    20.23   -38.81
    0.00     0.00     0.00     0.00     0.00     0.00    12.87    24.04     0.53   -20.92    -3.41    31.31    27.91     6.54     0.94   -18.00     4.32    53.18     1.72    14.37    -0.52    11.69     8.97    -5.92   -28.61     8.82
    0.00     0.00     0.00     0.00    -0.00     0.00     0.00    28.02   -49.66    35.39   -13.10    44.05    21.91   -56.91    47.97   -17.30     7.60    44.67   -33.58    59.25    51.80    19.95    44.71   -28.86   -24.96    11.41
    0.00     0.00     0.00     0.00     0.00     0.00     0.00     0.00   -50.19    80.80   -12.46   -34.90    -7.80   -65.35    45.70    10.42   -21.32    18.40   -32.70    72.32    34.56    -4.69    73.11   -21.35    -9.32   -53.60
    0.00     0.00     0.00     0.00     0.00     0.00    -0.00     0.00     0.00   -12.91    28.40    17.15   -13.99    -5.37    -0.06    35.48    13.97   -91.37     7.65   -44.23    45.72   -25.07   -65.78    21.78    48.24    94.57
    0.00     0.00     0.00     0.00     0.00    -0.00     0.00     0.00     0.00     0.00   -40.55    14.65    32.23   -12.86     6.19   -45.83   -14.30   140.22     2.31    59.87   -66.83    60.70    77.04   -43.06   -57.15  -106.92
    0.00     0.00     0.00     0.00     0.00     0.00     0.00     0.00     0.00     0.00     0.00   -47.11   -18.06     0.38    -4.23   -17.32     9.96   -21.48    15.66   -11.96   -12.70   -26.63     0.04    14.38     8.31   -13.92
    0.00     0.00     0.00     0.00    -0.00     0.00     0.00     0.00     0.00     0.00     0.00     0.00     8.52    19.14   -17.92    -5.87     1.78    19.65   -12.62    19.46    10.35    11.74    -0.95    -7.73   -20.00    27.09
    0.00     0.00     0.00     0.00     0.00     0.00     0.00     0.00     0.00     0.00     0.00    -0.00     0.00   110.70   -36.97   -18.96    14.31    31.07   -63.03    14.59    44.32   -32.84   -17.99    18.97   -81.02    31.35
    0.00     0.00     0.00    -0.00     0.00     0.00     0.00     0.00     0.00     0.00     0.00     0.00     0.00     0.00    52.47    27.20   -27.59     0.98     0.89   -21.16    -9.18   -10.37    39.21    -0.45    17.81  -185.51
    0.00     0.00     0.00     0.00     0.00     0.00     0.00     0.00     0.00     0.00     0.00     0.00     0.00     0.00     0.00    22.07   -17.47   -24.56     8.47     0.85    10.38     5.58    -2.16     7.58    27.52   -48.44
    0.00     0.00     0.00     0.00     0.00     0.00     0.00     0.00     0.00     0.00     0.00     0.00     0.00     0.00     0.00     0.00    13.89    45.87    28.91    41.81    -6.46    31.64    -2.23     4.29    -5.27    71.33
    0.00     0.00     0.00     0.00     0.00     0.00     0.00     0.00     0.00     0.00     0.00     0.00     0.00     0.00     0.00     0.00     0.00    39.21    12.71    66.09    19.10    29.65     2.26    15.80    12.15    69.89
    0.00     0.00     0.00    -0.00     0.00     0.00     0.00     0.00     0.00     0.00     0.00     0.00    -0.00     0.00     0.00     0.00     0.00     0.00    16.09   -17.65     7.98    26.19    10.78   -17.45    14.94   -26.21
    0.00     0.00     0.00     0.00     0.00     0.00     0.00     0.00     0.00     0.00     0.00     0.00     0.00     0.00     0.00     0.00     0.00     0.00     0.00   -81.51    40.15    66.31    57.72   -87.87    32.91   -91.53
    0.00     0.00     0.00    -0.00     0.00     0.00     0.00    -0.00     0.00     0.00     0.00     0.00     0.00     0.00     0.00     0.00     0.00     0.00     0.00     0.00    45.50   -22.28   -25.71   -16.52   -25.94    71.67
    0.00     0.00    -0.00     0.00     0.00     0.00     0.00     0.00     0.00     0.00     0.00     0.00     0.00     0.00     0.00     0.00     0.00     0.00     0.00     0.00     0.00    61.75    94.75   -25.23    81.47  -136.72
    0.00     0.00     0.00     0.00     0.00     0.00     0.00    -0.00     0.00     0.00     0.00     0.00     0.00     0.00     0.00     0.00     0.00     0.00     0.00     0.00    -0.00     0.00    56.02   -56.10    44.12   -41.29
    0.00     0.00     0.00     0.00     0.00     0.00     0.00     0.00     0.00    -0.00     0.00     0.00     0.00     0.00     0.00     0.00     0.00     0.00     0.00     0.00     0.00     0.00     0.00    64.00   -23.99   -20.41
    0.00     0.00     0.00     0.00     0.00     0.00     0.00     0.00     0.00     0.00     0.00     0.00     0.00     0.00    -0.00     0.00     0.00     0.00     0.00     0.00     0.00     0.00     0.00     0.00   -11.45    11.81

the solution:
x0 is 0.895693
x1 is 4.028009
x2 is 3.281622
x3 is -1.258052
x4 is 0.341690
x5 is -0.323560
x6 is -0.540392
x7 is 1.823312
x8 is 1.009527
x9 is -0.034070
x10 is 4.044216
x11 is 1.600272
x12 is -4.792722
x13 is -1.566428
x14 is -2.189550
x15 is -0.442691
x16 is -0.213076
x17 is 0.610829
x18 is 0.245264
x19 is 1.021688
x20 is 0.289696
x21 is -0.173145
x22 is -0.631322
x23 is -0.705357
x24 is -1.031139

after Gauss Jordon method:
    1.00     0.00     0.00     0.00     0.00     0.00     0.00     0.00     0.00     0.00     0.00     0.00     0.00     0.00     0.00     0.00     0.00     0.00     0.00     0.00    -0.00     0.00     0.00     0.00     0.00     0.90
    0.00   -73.00     0.00     0.00     0.00     0.00     0.00     0.00     0.00     0.00     0.00     0.00     0.00     0.00     0.00    -0.00     0.00     0.00     0.00     0.00     0.00     0.00     0.00     0.00     0.00  -294.04
    0.00    -0.00    -0.25     0.00     0.00     0.00     0.00     0.00     0.00     0.00     0.00     0.00     0.00     0.00     0.00     0.00     0.00     0.00     0.00     0.00     0.00     0.00     0.00     0.00     0.00    -0.81
    0.00     0.00     0.00 -1351.17     0.00     0.00     0.00     0.00     0.00    -0.00     0.00    -0.00     0.00     0.00     0.00     0.00     0.00     0.00     0.00     0.00     0.00     0.00     0.00     0.00     0.00  1699.82
    0.00     0.00     0.00     0.00    53.26     0.00     0.00     0.00     0.00     0.00     0.00     0.00     0.00     0.00     0.00     0.00     0.00     0.00     0.00     0.00     0.00     0.00     0.00     0.00     0.00    18.20
    0.00     0.00     0.00     0.00     0.00     6.43     0.00     0.00     0.00     0.00     0.00     0.00     0.00     0.00     0.00     0.00     0.00     0.00     0.00     0.00     0.00     0.00     0.00     0.00     0.00    -2.08
    0.00     0.00     0.00     0.00     0.00     0.00     2.73     0.00     0.00     0.00     0.00     0.00     0.00     0.00     0.00     0.00     0.00     0.00     0.00     0.00     0.00     0.00     0.00     0.00     0.00    -1.47
    0.00     0.00     0.00     0.00     0.00     0.00     0.00    68.88     0.00     0.00     0.00     0.00     0.00     0.00     0.00     0.00     0.00     0.00     0.00     0.00     0.00     0.00     0.00    -0.00     0.00   125.58
    0.00     0.00     0.00     0.00     0.00     0.00     0.00     0.00    68.53     0.00     0.00     0.00     0.00     0.00     0.00     0.00     0.00     0.00     0.00     0.00    -0.00     0.00     0.00     0.00     0.00    69.19
    0.00     0.00     0.00     0.00     0.00     0.00     0.00     0.00     0.00    21.91     0.00     0.00     0.00     0.00     0.00    -0.00     0.00     0.00     0.00     0.00     0.00     0.00     0.00     0.00     0.00    -0.75
    0.00     0.00     0.00     0.00     0.00     0.00     0.00     0.00     0.00     0.00    31.85     0.00     0.00     0.00     0.00     0.00     0.00     0.00    -0.00     0.00     0.00     0.00     0.00     0.00     0.00   128.82
    0.00     0.00     0.00     0.00     0.00     0.00     0.00     0.00     0.00     0.00     0.00     4.45     0.00     0.00     0.00     0.00     0.00     0.00     0.00     0.00     0.00     0.00     0.00     0.00     0.00     7.12
    0.00     0.00     0.00     0.00     0.00     0.00     0.00     0.00     0.00     0.00     0.00     0.00  -106.53     0.00     0.00     0.00     0.00     0.00    -0.00     0.00     0.00     0.00     0.00     0.00     0.00   510.54
    0.00     0.00     0.00     0.00     0.00     0.00     0.00     0.00     0.00     0.00     0.00     0.00     0.00   110.70     0.00     0.00     0.00     0.00     0.00     0.00     0.00     0.00     0.00     0.00     0.00  -173.40
    0.00    -0.00     0.00     0.00     0.00     0.00     0.00     0.00     0.00     0.00     0.00     0.00     0.00     0.00    52.47     0.00    -0.00     0.00     0.00     0.00     0.00     0.00     0.00    -0.00     0.00  -114.89
    0.00     0.00     0.00     0.00     0.00    -0.00     0.00     0.00     0.00     0.00     0.00     0.00     0.00     0.00     0.00   -10.96     0.00     0.00     0.00     0.00     0.00     0.00     0.00     0.00     0.00     4.85
    0.00     0.00     0.00     0.00     0.00     0.00     0.00     0.00     0.00    -0.00     0.00     0.00     0.00     0.00     0.00     0.00    27.97     0.00     0.00     0.00     0.00     0.00     0.00     0.00     0.00    -5.96
    0.00     0.00     0.00     0.00     0.00     0.00     0.00     0.00     0.00    -0.00     0.00     0.00    -0.00     0.00     0.00     0.00     0.00    39.21     0.00     0.00     0.00     0.00     0.00     0.00     0.00    23.95
    0.00     0.00     0.00     0.00     0.00     0.00     0.00     0.00     0.00     0.00     0.00     0.00     0.00     0.00    -0.00     0.00     0.00     0.00   -47.82     0.00     0.00     0.00     0.00     0.00     0.00   -11.73
    0.00     0.00     0.00     0.00     0.00     0.00     0.00     0.00     0.00    -0.00     0.00     0.00     0.00     0.00     0.00     0.00     0.00     0.00     0.00   -17.75     0.00     0.00     0.00     0.00     0.00   -18.14
    0.00     0.00     0.00     0.00     0.00     0.00     0.00     0.00     0.00     0.00     0.00     0.00     0.00     0.00     0.00     0.00     0.00    -0.00     0.00     0.00   -70.30     0.00     0.00     0.00     0.00   -20.37
    0.00     0.00     0.00     0.00     0.00     0.00     0.00     0.00     0.00     0.00     0.00     0.00     0.00     0.00     0.00     0.00     0.00     0.00     0.00     0.00     0.00    61.76     0.00     0.00     0.00   -10.69
    0.00     0.00     0.00     0.00     0.00     0.00     0.00     0.00     0.00     0.00     0.00     0.00     0.00     0.00     0.00     0.00     0.00     0.00     0.00     0.00     0.00     0.00    56.01     0.00     0.00   -35.36
    0.00     0.00     0.00     0.00     0.00     0.00     0.00     0.00     0.00     0.00     0.00     0.00     0.00     0.00    -0.00    -0.00     0.00     0.00    -0.00     0.00     0.00     0.00     0.00   -92.53     0.00    65.27
    0.00     0.00     0.00     0.00     0.00     0.00     0.00     0.00    -0.00     0.00     0.00     0.00     0.00     0.00     0.00     0.00     0.00     0.00    -0.00     0.00     0.00     0.00     0.00     0.00    -7.92     8.17

the solution:
x0 is 0.895653
x1 is 4.027955
x2 is 3.281589
x3 is -1.258032
x4 is 0.341657
x5 is -0.323519
x6 is -0.540348
x7 is 1.823299
x8 is 1.009554
x9 is -0.034066
x10 is 4.044168
x11 is 1.600249
x12 is -4.792689
x13 is -1.566424
x14 is -2.189523
x15 is -0.442682
x16 is -0.213052
x17 is 0.610830
x18 is 0.245259
x19 is 1.021655
x20 is 0.289693
x21 is -0.173135
x22 is -0.631300
x23 is -0.705348
x24 is -1.031113